2015-08-19 13:47:19,640 [INFO ][main            ][mentat.nine.domain.Candidate] - CVForm by name: asdf formed
2015-08-19 13:47:19,640 [INFO ][main            ][mentat.nine.domain.Candidate] - CVForm by name: asdf formed
2015-08-19 13:49:06,328 [INFO ][main            ][mentat.nine.domain.Candidate] - CVForm by name: asdf formed
2015-08-19 13:49:06,328 [INFO ][main            ][mentat.nine.domain.Candidate] - CVForm by name: asdf formed
2015-08-19 14:07:37,703 [INFO ][main            ][mentat.nine.domain.Candidate] - CVForm by name: asdf formed
2015-08-19 14:07:37,703 [INFO ][main            ][mentat.nine.domain.Candidate] - CVForm by name: asdf formed
2015-08-19 14:24:22,406 [INFO ][main            ][mentat.nine.domain.Candidate] - CVForm by name: asdf formed
2015-08-19 14:24:22,406 [INFO ][main            ][mentat.nine.domain.Candidate] - CVForm by name: asdf formed
2015-08-19 14:28:14,796 [INFO ][main            ][mentat.nine.domain.Candidate] - CVForm by name: asdf formed
2015-08-19 14:38:57,671 INFO  main            [mentat.nine.domain.Candidate] - CVForm by name: asdf formed
2015-08-19 22:36:49,057 INFO  main            [mentat.nine.domain.Candidate] - CVForm by name: asdf formed
2015-08-19 22:38:44,886 INFO  main            [mentat.nine.domain.Candidate] - CVForm by name: asdf formed
2015-08-20 20:23:56,103 INFO  main             domain.ApplicationForm - new enitiy AppForm created, id 5
2015-08-20 20:23:56,147 INFO  main             domain.ApplicationForm - new AppForm
2015-08-20 20:23:56,148 INFO  main              domain.HRDepartment - create application form, id 5
2015-08-20 20:42:29,697 INFO  main             domain.ApplicationForm - new enitiy AppForm created, id 6
2015-08-20 20:42:29,707 INFO  main             domain.ApplicationForm - return new AppForm
2015-08-20 20:42:29,707 INFO  main              domain.HRDepartment - create application form, id 6
2015-08-20 22:03:58,134 INFO  main             domain.ApplicationForm - new enitiy AppForm created, id 7
2015-08-20 22:03:58,174 INFO  main             domain.ApplicationForm - return new AppForm
2015-08-20 22:03:58,174 INFO  main              domain.HRDepartment - create application form, id 7
2015-08-20 22:09:12,772 INFO  main             domain.ApplicationForm - new enitiy AppForm created, id 8
2015-08-20 22:09:12,782 INFO  main             domain.ApplicationForm - return new AppForm
2015-08-20 22:09:12,782 INFO  main              domain.HRDepartment - create application form, id 8
2015-08-20 22:10:26,482 INFO  main             domain.ApplicationForm - new enitiy AppForm created, id 9
2015-08-20 22:10:26,492 INFO  main             domain.ApplicationForm - return new AppForm
2015-08-20 22:10:26,492 INFO  main              domain.HRDepartment - create application form, id 9
2015-08-20 22:10:32,053 INFO  main             domain.ApplicationForm - new enitiy AppForm created, id 10
2015-08-20 22:10:32,063 INFO  main             domain.ApplicationForm - return new AppForm
2015-08-20 22:10:32,063 INFO  main              domain.HRDepartment - create application form, id 10
2015-08-20 22:10:53,630 INFO  main             domain.ApplicationForm - new enitiy AppForm created, id 11
2015-08-20 22:10:53,640 INFO  main             domain.ApplicationForm - return new AppForm
2015-08-20 22:10:53,640 INFO  main              domain.HRDepartment - create application form, id 11
2015-08-20 22:11:03,705 INFO  main             domain.ApplicationForm - new enitiy AppForm created, id 12
2015-08-20 22:11:03,705 INFO  main             domain.ApplicationForm - return new AppForm
2015-08-20 22:11:03,705 INFO  main              domain.HRDepartment - create application form, id 12
2015-08-20 22:11:09,347 INFO  main             domain.ApplicationForm - new enitiy AppForm created, id 13
2015-08-20 22:11:09,354 INFO  main             domain.ApplicationForm - return new AppForm
2015-08-20 22:11:09,355 INFO  main              domain.HRDepartment - create application form, id 13
2015-08-20 22:33:51,298 TRACE main              domain.HRDepartment - application form to post post formed
2015-08-20 22:33:51,298 TRACE main              domain.HRDepartment - application form to post post formed
2015-08-20 22:33:51,298 TRACE main             domain.ApplicationForm - check if AppForm whith id 0exists
2015-08-20 22:33:51,298 TRACE main             domain.ApplicationForm - check if AppForm whith id 0exists
2015-08-20 22:33:51,570 TRACE main             domain.ApplicationForm - connectin created
2015-08-20 22:33:51,570 TRACE main             domain.ApplicationForm - connectin created
2015-08-20 22:33:51,590 TRACE main             domain.ApplicationForm - statement created
2015-08-20 22:33:51,590 TRACE main             domain.ApplicationForm - statement created
2015-08-20 22:33:51,630 TRACE main             domain.ApplicationForm - resultset got
2015-08-20 22:33:51,630 TRACE main             domain.ApplicationForm - resultset got
2015-08-20 22:33:51,630 TRACE main             domain.ApplicationForm - application form with id 0 is absent
2015-08-20 22:33:51,630 TRACE main             domain.ApplicationForm - application form with id 0 is absent
2015-08-20 22:33:51,630 TRACE main             domain.ApplicationForm - create new enitiy AppForm
2015-08-20 22:33:51,630 TRACE main             domain.ApplicationForm - create new enitiy AppForm
2015-08-20 22:33:51,630 TRACE main             domain.ApplicationForm - pStatement created
2015-08-20 22:33:51,630 TRACE main             domain.ApplicationForm - pStatement created
2015-08-20 22:33:51,640 TRACE main             domain.ApplicationForm - create arguments for pStatement
2015-08-20 22:33:51,640 TRACE main             domain.ApplicationForm - create arguments for pStatement
2015-08-20 22:33:51,673 TRACE main             domain.ApplicationForm - generated pStatement keys
2015-08-20 22:33:51,673 TRACE main             domain.ApplicationForm - generated pStatement keys
2015-08-20 22:33:51,674 INFO  main             domain.ApplicationForm - new enitiy AppForm created, id 16
2015-08-20 22:33:51,674 INFO  main             domain.ApplicationForm - new enitiy AppForm created, id 16
2015-08-20 22:33:51,674 TRACE main             domain.ApplicationForm - get AppForm entity with id 16
2015-08-20 22:33:51,674 TRACE main             domain.ApplicationForm - get AppForm entity with id 16
2015-08-20 22:33:51,674 TRACE main             domain.ApplicationForm - statement created
2015-08-20 22:33:51,674 TRACE main             domain.ApplicationForm - statement created
2015-08-20 22:33:51,676 TRACE main             domain.ApplicationForm - resulset got
2015-08-20 22:33:51,676 TRACE main             domain.ApplicationForm - resulset got
2015-08-20 22:33:51,679 TRACE main             domain.ApplicationForm - parsed AppForm entity
2015-08-20 22:33:51,679 TRACE main             domain.ApplicationForm - parsed AppForm entity
2015-08-20 22:33:51,680 INFO  main             domain.ApplicationForm - return new AppForm
2015-08-20 22:33:51,680 INFO  main             domain.ApplicationForm - return new AppForm
2015-08-20 22:33:51,681 INFO  main              domain.HRDepartment - create application form, id 16
2015-08-20 22:33:51,681 INFO  main              domain.HRDepartment - create application form, id 16
2015-08-20 22:34:35,300 TRACE main              domain.HRDepartment - application form to post post formed
2015-08-20 22:34:35,303 TRACE main             domain.ApplicationForm - check if AppForm whith id 0exists
2015-08-20 22:34:35,569 TRACE main             domain.ApplicationForm - connectin created
2015-08-20 22:34:35,585 TRACE main             domain.ApplicationForm - statement created
2015-08-20 22:34:35,625 TRACE main             domain.ApplicationForm - resultset got
2015-08-20 22:34:35,625 TRACE main             domain.ApplicationForm - application form with id 0 is absent
2015-08-20 22:34:35,625 TRACE main             domain.ApplicationForm - create new enitiy AppForm
2015-08-20 22:34:35,625 TRACE main             domain.ApplicationForm - pStatement created
2015-08-20 22:34:35,625 TRACE main             domain.ApplicationForm - create arguments for pStatement
2015-08-20 22:34:35,655 TRACE main             domain.ApplicationForm - generated pStatement keys
2015-08-20 22:34:35,655 INFO  main             domain.ApplicationForm - new enitiy AppForm created, id 17
2015-08-20 22:34:35,655 TRACE main             domain.ApplicationForm - get AppForm entity with id 17
2015-08-20 22:34:35,655 TRACE main             domain.ApplicationForm - statement created
2015-08-20 22:34:35,655 TRACE main             domain.ApplicationForm - resulset got
2015-08-20 22:34:35,665 TRACE main             domain.ApplicationForm - parsed AppForm entity
2015-08-20 22:34:35,665 INFO  main             domain.ApplicationForm - return new AppForm
2015-08-20 22:34:35,665 INFO  main              domain.HRDepartment - create application form, id 17
2015-08-20 22:35:37,212 TRACE main             domain.HRDepartment  - application form to post post formed
2015-08-20 22:35:37,215 TRACE main             domain.ApplicationForm - check if AppForm whith id 0exists
2015-08-20 22:35:37,479 TRACE main             domain.ApplicationForm - connectin created
2015-08-20 22:35:37,499 TRACE main             domain.ApplicationForm - statement created
2015-08-20 22:35:37,539 TRACE main             domain.ApplicationForm - resultset got
2015-08-20 22:35:37,539 TRACE main             domain.ApplicationForm - application form with id 0 is absent
2015-08-20 22:35:37,539 TRACE main             domain.ApplicationForm - create new enitiy AppForm
2015-08-20 22:35:37,539 TRACE main             domain.ApplicationForm - pStatement created
2015-08-20 22:35:37,549 TRACE main             domain.ApplicationForm - create arguments for pStatement
2015-08-20 22:35:37,579 TRACE main             domain.ApplicationForm - generated pStatement keys
2015-08-20 22:35:37,579 INFO  main             domain.ApplicationForm - new enitiy AppForm created, id 18
2015-08-20 22:35:37,579 TRACE main             domain.ApplicationForm - get AppForm entity with id 18
2015-08-20 22:35:37,579 TRACE main             domain.ApplicationForm - statement created
2015-08-20 22:35:37,579 TRACE main             domain.ApplicationForm - resulset got
2015-08-20 22:35:37,589 TRACE main             domain.ApplicationForm - parsed AppForm entity
2015-08-20 22:35:37,589 INFO  main             domain.ApplicationForm - return new AppForm
2015-08-20 22:35:37,589 INFO  main             domain.HRDepartment  - create application form, id 18
2015-08-20 22:36:01,002 TRACE main             domain.HRDepartment  - application form to post post formed
2015-08-20 22:36:01,005 TRACE main             domain.ApplicationForm - check if AppForm whith id 0 exists
2015-08-20 22:36:01,298 TRACE main             domain.ApplicationForm - connectin created
2015-08-20 22:36:01,318 TRACE main             domain.ApplicationForm - statement created
2015-08-20 22:36:01,358 TRACE main             domain.ApplicationForm - resultset got
2015-08-20 22:36:01,358 TRACE main             domain.ApplicationForm - application form with id 0 is absent
2015-08-20 22:36:01,358 TRACE main             domain.ApplicationForm - create new enitiy AppForm
2015-08-20 22:36:01,358 TRACE main             domain.ApplicationForm - pStatement created
2015-08-20 22:36:01,368 TRACE main             domain.ApplicationForm - create arguments for pStatement
2015-08-20 22:36:01,388 TRACE main             domain.ApplicationForm - generated pStatement keys
2015-08-20 22:36:01,388 INFO  main             domain.ApplicationForm - new enitiy AppForm created, id 19
2015-08-20 22:36:01,388 TRACE main             domain.ApplicationForm - get AppForm entity with id 19
2015-08-20 22:36:01,388 TRACE main             domain.ApplicationForm - statement created
2015-08-20 22:36:01,388 TRACE main             domain.ApplicationForm - resulset got
2015-08-20 22:36:01,398 TRACE main             domain.ApplicationForm - parsed AppForm entity
2015-08-20 22:36:01,398 INFO  main             domain.ApplicationForm - return new AppForm
2015-08-20 22:36:01,398 INFO  main             domain.HRDepartment  - create application form, id 19
2015-08-20 22:36:48,296 TRACE main             domain.HRDepartment            - application form to post post formed
2015-08-20 22:36:48,306 TRACE main             domain.ApplicationForm         - check if AppForm whith id 0 exists
2015-08-20 22:36:48,558 TRACE main             domain.ApplicationForm         - connectin created
2015-08-20 22:36:48,578 TRACE main             domain.ApplicationForm         - statement created
2015-08-20 22:36:48,618 TRACE main             domain.ApplicationForm         - resultset got
2015-08-20 22:36:48,618 TRACE main             domain.ApplicationForm         - application form with id 0 is absent
2015-08-20 22:36:48,618 TRACE main             domain.ApplicationForm         - create new enitiy AppForm
2015-08-20 22:36:48,618 TRACE main             domain.ApplicationForm         - pStatement created
2015-08-20 22:36:48,618 TRACE main             domain.ApplicationForm         - create arguments for pStatement
2015-08-20 22:36:48,648 TRACE main             domain.ApplicationForm         - generated pStatement keys
2015-08-20 22:36:48,648 INFO  main             domain.ApplicationForm         - new enitiy AppForm created, id 20
2015-08-20 22:36:48,648 TRACE main             domain.ApplicationForm         - get AppForm entity with id 20
2015-08-20 22:36:48,648 TRACE main             domain.ApplicationForm         - statement created
2015-08-20 22:36:48,648 TRACE main             domain.ApplicationForm         - resulset got
2015-08-20 22:36:48,648 TRACE main             domain.ApplicationForm         - parsed AppForm entity
2015-08-20 22:36:48,648 INFO  main             domain.ApplicationForm         - return new AppForm
2015-08-20 22:36:48,648 INFO  main             domain.HRDepartment            - create application form, id 20
2015-08-20 22:42:47,226 TRACE main             domain.HRDepartment       - application form to post post formed
2015-08-20 22:42:47,230 TRACE main             domain.ApplicationForm    - check if AppForm whith id 0 exists
2015-08-20 22:42:47,551 TRACE main             domain.ApplicationForm    - connectin created
2015-08-20 22:42:47,572 TRACE main             domain.ApplicationForm    - statement created
2015-08-20 22:42:47,612 TRACE main             domain.ApplicationForm    - resultset got
2015-08-20 22:42:47,612 TRACE main             domain.ApplicationForm    - application form with id 0 is absent
2015-08-20 22:42:47,612 TRACE main             domain.ApplicationForm    - create new enitiy AppForm
2015-08-20 22:42:47,612 TRACE main             domain.ApplicationForm    - pStatement created
2015-08-20 22:42:47,622 TRACE main             domain.ApplicationForm    - create arguments for pStatement
2015-08-20 22:42:47,662 TRACE main             domain.ApplicationForm    - generated pStatement keys
2015-08-20 22:42:47,662 INFO  main             domain.ApplicationForm    - new enitiy AppForm created, id 21
2015-08-20 22:42:47,662 TRACE main             domain.ApplicationForm    - get AppForm entity with id 21
2015-08-20 22:42:47,662 TRACE main             domain.ApplicationForm    - statement created
2015-08-20 22:42:47,662 TRACE main             domain.ApplicationForm    - resulset got
2015-08-20 22:42:47,672 TRACE main             domain.ApplicationForm    - parsed AppForm entity
2015-08-20 22:42:47,672 INFO  main             domain.ApplicationForm    - return new AppForm
2015-08-20 22:42:47,672 INFO  main             domain.HRDepartment       - create application form, id 21
2015-08-20 22:43:31,773 TRACE main             domain.HRDepartment       - application form to post post formed
2015-08-20 22:43:31,777 TRACE main             domain.ApplicationForm    - check if AppForm whith id 0 exists
2015-08-20 22:43:32,066 TRACE main             domain.ApplicationForm    - connectin created
2015-08-20 22:43:32,091 TRACE main             domain.ApplicationForm    - statement created
2015-08-20 22:43:32,124 TRACE main             domain.ApplicationForm    - resultset got
2015-08-20 22:43:32,124 TRACE main             domain.ApplicationForm    - application form with id 0 is absent
2015-08-20 22:43:32,124 TRACE main             domain.ApplicationForm    - create new enitiy AppForm
2015-08-20 22:43:32,124 TRACE main             domain.ApplicationForm    - pStatement created
2015-08-20 22:43:32,124 TRACE main             domain.ApplicationForm    - create arguments for pStatement
2015-08-20 22:43:32,174 TRACE main             domain.ApplicationForm    - generated pStatement keys
2015-08-20 22:43:32,174 INFO  main             domain.ApplicationForm    - new enitiy AppForm created, id 22
2015-08-20 22:43:32,174 TRACE main             domain.ApplicationForm    - get AppForm entity with id 22
2015-08-20 22:43:32,174 TRACE main             domain.ApplicationForm    - statement created
2015-08-20 22:43:32,174 TRACE main             domain.ApplicationForm    - resulset got
2015-08-20 22:43:32,184 TRACE main             domain.ApplicationForm    - parsed AppForm entity
2015-08-20 22:43:32,184 INFO  main             domain.ApplicationForm    - return new AppForm
2015-08-20 22:43:32,184 INFO  main             domain.HRDepartment       - create application form, id 22
2015-08-20 22:43:52,135 TRACE main             domain.HRDepartment       - application form to post post formed
2015-08-20 22:43:52,135 TRACE main             domain.ApplicationForm    - check if AppForm whith id 0 exists
2015-08-20 22:43:52,430 TRACE main             domain.ApplicationForm    - connectin created
2015-08-20 22:43:52,449 TRACE main             domain.ApplicationForm    - statement created
2015-08-20 22:43:52,489 TRACE main             domain.ApplicationForm    - resultset got
2015-08-20 22:43:52,489 TRACE main             domain.ApplicationForm    - application form with id 0 is absent
2015-08-20 22:43:52,489 TRACE main             domain.ApplicationForm    - create new enitiy AppForm
2015-08-20 22:43:52,489 TRACE main             domain.ApplicationForm    - pStatement created
2015-08-20 22:43:52,499 TRACE main             domain.ApplicationForm    - create arguments for pStatement
2015-08-20 22:43:52,539 TRACE main             domain.ApplicationForm    - generated pStatement keys
2015-08-20 22:43:52,539 INFO  main             domain.ApplicationForm    - new enitiy AppForm created, id 23
2015-08-20 22:43:52,539 TRACE main             domain.ApplicationForm    - get AppForm entity with id 23
2015-08-20 22:43:52,539 TRACE main             domain.ApplicationForm    - statement created
2015-08-20 22:43:52,539 TRACE main             domain.ApplicationForm    - resulset got
2015-08-20 22:43:52,539 TRACE main             domain.ApplicationForm    - parsed AppForm entity
2015-08-20 22:43:52,539 INFO  main             domain.ApplicationForm    - return new AppForm
2015-08-20 22:43:52,549 INFO  main             domain.HRDepartment       - create application form, id 23
2015-08-20 22:44:41,502 TRACE main             domain.HRDepartment       - application form to post post formed
2015-08-20 22:44:41,505 TRACE main             domain.ApplicationForm    - check if AppForm whith id 0 exists
2015-08-20 22:44:41,829 TRACE main             domain.ApplicationForm    - connectin created
2015-08-20 22:44:41,859 TRACE main             domain.ApplicationForm    - statement created
2015-08-20 22:44:41,898 TRACE main             domain.ApplicationForm    - resultset got
2015-08-20 22:44:41,898 TRACE main             domain.ApplicationForm    - application form with id 0 is absent
2015-08-20 22:44:41,900 TRACE main             domain.ApplicationForm    - create new enitiy AppForm
2015-08-20 22:44:41,903 TRACE main             domain.ApplicationForm    - pStatement created
2015-08-20 22:44:41,905 TRACE main             domain.ApplicationForm    - create arguments for pStatement
2015-08-20 22:44:41,951 TRACE main             domain.ApplicationForm    - generated pStatement keys
2015-08-20 22:44:41,951 INFO  main             domain.ApplicationForm    - new enitiy AppForm created, id 24
2015-08-20 22:44:41,951 TRACE main             domain.ApplicationForm    - get AppForm entity with id 24
2015-08-20 22:44:41,951 TRACE main             domain.ApplicationForm    - statement created
2015-08-20 22:44:41,951 TRACE main             domain.ApplicationForm    - resulset got
2015-08-20 22:44:41,951 TRACE main             domain.ApplicationForm    - parsed AppForm entity
2015-08-20 22:44:41,951 INFO  main             domain.ApplicationForm    - return new AppForm
2015-08-20 22:44:41,951 INFO  main             domain.HRDepartment       - create application form, id 24
2015-08-20 22:45:13,398 TRACE main             domain.HRDepartment       - application form to post post formed
2015-08-20 22:45:13,408 TRACE main             domain.ApplicationForm    - check if AppForm whith id 0 exists
2015-08-20 22:45:13,650 TRACE main             domain.ApplicationForm    - connectin created
2015-08-20 22:45:13,671 TRACE main             domain.ApplicationForm    - statement created
2015-08-20 22:45:13,711 TRACE main             domain.ApplicationForm    - resultset got
2015-08-20 22:45:13,711 TRACE main             domain.ApplicationForm    - application form with id 0 is absent
2015-08-20 22:45:13,711 TRACE main             domain.ApplicationForm    - create new enitiy AppForm
2015-08-20 22:45:13,721 TRACE main             domain.ApplicationForm    - pStatement created
2015-08-20 22:45:13,721 TRACE main             domain.ApplicationForm    - create arguments for pStatement
2015-08-20 22:45:13,781 TRACE main             domain.ApplicationForm    - generated pStatement keys
2015-08-20 22:45:13,781 INFO  main             domain.ApplicationForm    - new enitiy AppForm created, id 25
2015-08-20 22:45:13,781 TRACE main             domain.ApplicationForm    - get AppForm entity with id 25
2015-08-20 22:45:13,781 TRACE main             domain.ApplicationForm    - statement created
2015-08-20 22:45:13,791 TRACE main             domain.ApplicationForm    - resulset got
2015-08-20 22:45:13,791 TRACE main             domain.ApplicationForm    - parsed AppForm entity
2015-08-20 22:45:13,791 INFO  main             domain.ApplicationForm    - return new AppForm
2015-08-20 22:45:13,791 INFO  main             domain.HRDepartment       - create application form, id 25
2015-08-20 22:45:47,799 TRACE main             domain.HRDepartment       - application form to post post formed
2015-08-20 22:45:47,805 TRACE main             domain.ApplicationForm    - check if AppForm whith id 0 exists
2015-08-20 22:45:48,143 TRACE main             domain.ApplicationForm    - connectin created
2015-08-20 22:45:48,164 TRACE main             domain.ApplicationForm    - statement created
2015-08-20 22:45:48,204 TRACE main             domain.ApplicationForm    - resultset got
2015-08-20 22:45:48,204 TRACE main             domain.ApplicationForm    - application form with id 0 is absent
2015-08-20 22:45:48,214 TRACE main             domain.ApplicationForm    - create new enitiy AppForm
2015-08-20 22:45:48,214 TRACE main             domain.ApplicationForm    - pStatement created
2015-08-20 22:45:48,214 TRACE main             domain.ApplicationForm    - create arguments for pStatement
2015-08-20 22:45:48,244 TRACE main             domain.ApplicationForm    - generated pStatement keys
2015-08-20 22:45:48,244 INFO  main             domain.ApplicationForm    - new enitiy AppForm created, id 26
2015-08-20 22:45:48,244 TRACE main             domain.ApplicationForm    - get AppForm entity with id 26
2015-08-20 22:45:48,254 TRACE main             domain.ApplicationForm    - statement created
2015-08-20 22:45:48,254 TRACE main             domain.ApplicationForm    - resulset got
2015-08-20 22:45:48,254 TRACE main             domain.ApplicationForm    - parsed AppForm entity
2015-08-20 22:45:48,254 INFO  main             domain.ApplicationForm    - return new AppForm
2015-08-20 22:45:48,254 INFO  main             domain.HRDepartment       - create application form, id 26
2015-08-20 22:46:11,141 TRACE main             domain.HRDepartment       - application form to post post formed
2015-08-20 22:46:11,145 TRACE main             domain.ApplicationForm    - check if AppForm whith id 0 exists
2015-08-20 22:46:11,438 TRACE main             domain.ApplicationForm    - connectin created
2015-08-20 22:46:11,459 TRACE main             domain.ApplicationForm    - statement created
2015-08-20 22:46:11,499 TRACE main             domain.ApplicationForm    - resultset got
2015-08-20 22:46:11,499 TRACE main             domain.ApplicationForm    - application form with id 0 is absent
2015-08-20 22:46:11,499 TRACE main             domain.ApplicationForm    - create new enitiy AppForm
2015-08-20 22:46:11,499 TRACE main             domain.ApplicationForm    - pStatement created
2015-08-20 22:46:11,509 TRACE main             domain.ApplicationForm    - create arguments for pStatement
2015-08-20 22:46:11,561 TRACE main             domain.ApplicationForm    - generated pStatement keys
2015-08-20 22:46:11,561 INFO  main             domain.ApplicationForm    - new enitiy AppForm created, id 27
2015-08-20 22:46:11,561 TRACE main             domain.ApplicationForm    - get AppForm entity with id 27
2015-08-20 22:46:11,561 TRACE main             domain.ApplicationForm    - statement created
2015-08-20 22:46:11,561 TRACE main             domain.ApplicationForm    - resulset got
2015-08-20 22:46:11,561 TRACE main             domain.ApplicationForm    - parsed AppForm entity
2015-08-20 22:46:11,571 INFO  main             domain.ApplicationForm    - return new AppForm
2015-08-20 22:46:11,571 INFO  main             domain.HRDepartment       - create application form, id 27
2015-08-20 22:47:10,495 TRACE main             domain.HRDepartment       - application form to post post formed
2015-08-20 22:47:10,505 TRACE main             domain.ApplicationForm    - check if AppForm whith id 0 exists
2015-08-20 22:47:10,834 TRACE main             domain.ApplicationForm    - connectin created
2015-08-20 22:47:10,860 TRACE main             domain.ApplicationForm    - statement created
2015-08-20 22:47:10,897 TRACE main             domain.ApplicationForm    - resultset got
2015-08-20 22:47:10,897 TRACE main             domain.ApplicationForm    - application form with id 0 is absent
2015-08-20 22:47:10,897 TRACE main             domain.ApplicationForm    - create new enitiy AppForm
2015-08-20 22:47:10,897 TRACE main             domain.ApplicationForm    - pStatement created
2015-08-20 22:47:10,907 TRACE main             domain.ApplicationForm    - create arguments for pStatement
2015-08-20 22:47:10,949 TRACE main             domain.ApplicationForm    - generated pStatement keys
2015-08-20 22:47:10,949 INFO  main             domain.ApplicationForm    - new enitiy AppForm created, id 28
2015-08-20 22:47:10,949 TRACE main             domain.ApplicationForm    - get AppForm entity with id 28
2015-08-20 22:47:10,949 TRACE main             domain.ApplicationForm    - statement created
2015-08-20 22:47:10,949 TRACE main             domain.ApplicationForm    - resulset got
2015-08-20 22:47:10,959 TRACE main             domain.ApplicationForm    - parsed AppForm entity
2015-08-20 22:47:10,959 INFO  main             domain.ApplicationForm    - return new AppForm
2015-08-20 22:47:10,959 INFO  main             domain.HRDepartment       - create application form, id 28
2015-08-20 22:47:24,688 TRACE main             domain.HRDepartment       - application form to post post formed
2015-08-20 22:47:24,688 TRACE main             domain.ApplicationForm    - check if AppForm whith id 0 exists
2015-08-20 22:47:25,013 TRACE main             domain.ApplicationForm    - connectin created
2015-08-20 22:47:25,037 TRACE main             domain.ApplicationForm    - statement created
2015-08-20 22:47:25,072 TRACE main             domain.ApplicationForm    - resultset got
2015-08-20 22:47:25,072 TRACE main             domain.ApplicationForm    - application form with id 0 is absent
2015-08-20 22:47:25,072 TRACE main             domain.ApplicationForm    - create new enitiy AppForm
2015-08-20 22:47:25,072 TRACE main             domain.ApplicationForm    - pStatement created
2015-08-20 22:47:25,082 TRACE main             domain.ApplicationForm    - create arguments for pStatement
2015-08-20 22:47:25,082 TRACE main             domain.ApplicationForm    - generated pStatement keys
2015-08-20 22:47:25,092 INFO  main             domain.ApplicationForm    - new enitiy AppForm created, id 29
2015-08-20 22:47:25,092 TRACE main             domain.ApplicationForm    - get AppForm entity with id 29
2015-08-20 22:47:25,092 TRACE main             domain.ApplicationForm    - statement created
2015-08-20 22:47:25,092 TRACE main             domain.ApplicationForm    - resulset got
2015-08-20 22:47:25,092 TRACE main             domain.ApplicationForm    - parsed AppForm entity
2015-08-20 22:47:25,092 INFO  main             domain.ApplicationForm    - return new AppForm
2015-08-20 22:47:25,092 INFO  main             domain.HRDepartment       - create application form, id 29
2015-08-20 22:47:34,968 TRACE main             domain.HRDepartment       - application form to post post formed
2015-08-20 22:47:34,978 TRACE main             domain.ApplicationForm    - check if AppForm whith id 0 exists
2015-08-20 22:47:35,253 TRACE main             domain.ApplicationForm    - connectin created
2015-08-20 22:47:35,281 TRACE main             domain.ApplicationForm    - statement created
2015-08-20 22:47:35,331 TRACE main             domain.ApplicationForm    - resultset got
2015-08-20 22:47:35,332 TRACE main             domain.ApplicationForm    - application form with id 0 is absent
2015-08-20 22:47:35,334 TRACE main             domain.ApplicationForm    - create new enitiy AppForm
2015-08-20 22:47:35,337 TRACE main             domain.ApplicationForm    - pStatement created
2015-08-20 22:47:35,339 TRACE main             domain.ApplicationForm    - create arguments for pStatement
2015-08-20 22:47:35,352 TRACE main             domain.ApplicationForm    - generated pStatement keys
2015-08-20 22:47:35,352 INFO  main             domain.ApplicationForm    - new enitiy AppForm created, id 30
2015-08-20 22:47:35,352 TRACE main             domain.ApplicationForm    - get AppForm entity with id 30
2015-08-20 22:47:35,352 TRACE main             domain.ApplicationForm    - statement created
2015-08-20 22:47:35,362 TRACE main             domain.ApplicationForm    - resulset got
2015-08-20 22:47:35,362 TRACE main             domain.ApplicationForm    - parsed AppForm entity
2015-08-20 22:47:35,362 INFO  main             domain.ApplicationForm    - return new AppForm
2015-08-20 22:47:35,362 INFO  main             domain.HRDepartment       - create application form, id 30
2015-08-20 22:47:59,835 TRACE main             domain.HRDepartment       - application form to post post formed
2015-08-20 22:47:59,838 TRACE main             domain.ApplicationForm    - check if AppForm whith id 0 exists
2015-08-20 22:48:00,293 TRACE main             domain.ApplicationForm    - connectin created
2015-08-20 22:48:00,320 TRACE main             domain.ApplicationForm    - statement created
2015-08-20 22:48:00,360 TRACE main             domain.ApplicationForm    - resultset got
2015-08-20 22:48:00,360 TRACE main             domain.ApplicationForm    - application form with id 0 is absent
2015-08-20 22:48:00,362 TRACE main             domain.ApplicationForm    - create new enitiy AppForm
2015-08-20 22:48:00,364 TRACE main             domain.ApplicationForm    - pStatement created
2015-08-20 22:48:00,364 TRACE main             domain.ApplicationForm    - create arguments for pStatement
2015-08-20 22:48:00,484 TRACE main             domain.ApplicationForm    - generated pStatement keys
2015-08-20 22:48:00,484 INFO  main             domain.ApplicationForm    - new enitiy AppForm created, id 31
2015-08-20 22:48:00,484 TRACE main             domain.ApplicationForm    - get AppForm entity with id 31
2015-08-20 22:48:00,484 TRACE main             domain.ApplicationForm    - statement created
2015-08-20 22:48:00,484 TRACE main             domain.ApplicationForm    - resulset got
2015-08-20 22:48:00,494 TRACE main             domain.ApplicationForm    - parsed AppForm entity
2015-08-20 22:48:00,494 INFO  main             domain.ApplicationForm    - return new AppForm
2015-08-20 22:48:00,494 INFO  main             domain.HRDepartment       - create application form, id 31
2015-08-20 22:48:18,627 TRACE main             domain.HRDepartment       - application form to post post formed
2015-08-20 22:48:18,627 TRACE main             domain.ApplicationForm    - check if AppForm whith id 0 exists
2015-08-20 22:48:18,948 TRACE main             domain.ApplicationForm    - connectin created
2015-08-20 22:48:18,975 TRACE main             domain.ApplicationForm    - statement created
2015-08-20 22:48:19,021 TRACE main             domain.ApplicationForm    - resultset got
2015-08-20 22:48:19,022 TRACE main             domain.ApplicationForm    - application form with id 0 is absent
2015-08-20 22:48:19,024 TRACE main             domain.ApplicationForm    - create new enitiy AppForm
2015-08-20 22:48:19,028 TRACE main             domain.ApplicationForm    - pStatement created
2015-08-20 22:48:19,031 TRACE main             domain.ApplicationForm    - create arguments for pStatement
2015-08-20 22:48:19,040 TRACE main             domain.ApplicationForm    - generated pStatement keys
2015-08-20 22:48:19,041 INFO  main             domain.ApplicationForm    - new enitiy AppForm created, id 32
2015-08-20 22:48:19,041 TRACE main             domain.ApplicationForm    - get AppForm entity with id 32
2015-08-20 22:48:19,042 TRACE main             domain.ApplicationForm    - statement created
2015-08-20 22:48:19,044 TRACE main             domain.ApplicationForm    - resulset got
2015-08-20 22:48:19,047 TRACE main             domain.ApplicationForm    - parsed AppForm entity
2015-08-20 22:48:19,048 INFO  main             domain.ApplicationForm    - return new AppForm
2015-08-20 22:48:19,049 INFO  main             domain.HRDepartment       - create application form, id 32
2015-08-20 22:52:24,748 INFO  main             domain.ApplicationForm    - new enitiy AppForm created, id 33
2015-08-20 22:52:24,748 INFO  main             domain.ApplicationForm    - new enitiy AppForm created, id 33
2015-08-20 22:52:24,755 INFO  main             domain.ApplicationForm    - return new AppForm
2015-08-20 22:52:24,755 INFO  main             domain.ApplicationForm    - return new AppForm
2015-08-20 22:52:24,755 INFO  main             domain.HRDepartment       - create application form, id 33
2015-08-20 22:52:24,755 INFO  main             domain.HRDepartment       - create application form, id 33
2015-08-20 22:52:35,732 INFO  main             domain.ApplicationForm    - new enitiy AppForm created, id 34
2015-08-20 22:52:35,732 INFO  main             domain.ApplicationForm    - new enitiy AppForm created, id 34
2015-08-20 22:52:35,742 INFO  main             domain.ApplicationForm    - return new AppForm
2015-08-20 22:52:35,742 INFO  main             domain.ApplicationForm    - return new AppForm
2015-08-20 22:52:35,742 INFO  main             domain.HRDepartment       - create application form, id 34
2015-08-20 22:52:35,742 INFO  main             domain.HRDepartment       - create application form, id 34
2015-08-20 22:53:01,877 INFO  main             domain.ApplicationForm    - new enitiy AppForm created, id 35
2015-08-20 22:53:01,887 INFO  main             domain.ApplicationForm    - return new AppForm
2015-08-20 22:53:01,887 INFO  main             domain.HRDepartment       - create application form, id 35
2015-08-20 22:53:55,267 TRACE main             domain.HRDepartment       - application form to post post formed
2015-08-20 22:53:55,267 TRACE main             domain.ApplicationForm    - check if AppForm whith id 0 exists
2015-08-20 22:53:55,614 TRACE main             domain.ApplicationForm    - connectin created
2015-08-20 22:53:55,642 TRACE main             domain.ApplicationForm    - statement created
2015-08-20 22:53:55,689 TRACE main             domain.ApplicationForm    - resultset got
2015-08-20 22:53:55,689 TRACE main             domain.ApplicationForm    - application form with id 0 is absent
2015-08-20 22:53:55,692 TRACE main             domain.ApplicationForm    - create new enitiy AppForm
2015-08-20 22:53:55,698 TRACE main             domain.ApplicationForm    - pStatement created
2015-08-20 22:53:55,701 TRACE main             domain.ApplicationForm    - create arguments for pStatement
2015-08-20 22:53:55,766 TRACE main             domain.ApplicationForm    - generated pStatement keys
2015-08-20 22:53:55,767 INFO  main             domain.ApplicationForm    - new enitiy AppForm created, id 36
2015-08-20 22:53:55,767 TRACE main             domain.ApplicationForm    - get AppForm entity with id 36
2015-08-20 22:53:55,768 TRACE main             domain.ApplicationForm    - statement created
2015-08-20 22:53:55,770 TRACE main             domain.ApplicationForm    - resulset got
2015-08-20 22:53:55,773 TRACE main             domain.ApplicationForm    - parsed AppForm entity
2015-08-20 22:53:55,773 INFO  main             domain.ApplicationForm    - return new AppForm
2015-08-20 22:53:55,774 INFO  main             domain.HRDepartment       - create application form, id 36
2015-08-20 22:57:00,082 TRACE main             domain.HRDepartment       - application form to post post formed
2015-08-20 22:57:00,082 TRACE main             domain.ApplicationForm    - check if ApplicationForm whith id 0 exists
2015-08-20 22:57:00,415 TRACE main             domain.ApplicationForm    - connectin created
2015-08-20 22:57:00,435 TRACE main             domain.ApplicationForm    - statement created
2015-08-20 22:57:00,483 TRACE main             domain.ApplicationForm    - resultset got
2015-08-20 22:57:00,484 TRACE main             domain.ApplicationForm    - application form with id 0 is absent
2015-08-20 22:57:00,486 TRACE main             domain.ApplicationForm    - create new enitiy ApplicationForm
2015-08-20 22:57:00,489 TRACE main             domain.ApplicationForm    - pStatement created
2015-08-20 22:57:00,491 TRACE main             domain.ApplicationForm    - create arguments for pStatement
2015-08-20 22:57:00,518 TRACE main             domain.ApplicationForm    - generated pStatement keys
2015-08-20 22:57:00,518 INFO  main             domain.ApplicationForm    - new enitiy ApplicationForm created, id 37
2015-08-20 22:57:00,518 TRACE main             domain.ApplicationForm    - get ApplicationForm entity with id 37
2015-08-20 22:57:00,518 TRACE main             domain.ApplicationForm    - statement created
2015-08-20 22:57:00,518 TRACE main             domain.ApplicationForm    - resulset got
2015-08-20 22:57:00,528 TRACE main             domain.ApplicationForm    - parsed ApplicationForm entity
2015-08-20 22:57:00,528 INFO  main             domain.ApplicationForm    - return new ApplicationForm
2015-08-20 22:57:00,528 INFO  main             domain.HRDepartment       - create application form, id 37
2015-08-20 22:57:39,883 TRACE main             domain.HRDepartment       - application form to post post formed
2015-08-20 22:57:39,893 TRACE main             domain.ApplicationForm    - check if ApplicationForm whith id 0 exists
2015-08-20 22:57:40,158 TRACE main             domain.ApplicationForm    - connectin created
2015-08-20 22:57:40,186 TRACE main             domain.ApplicationForm    - statement created
2015-08-20 22:57:40,233 TRACE main             domain.ApplicationForm    - resultset got
2015-08-20 22:57:40,233 TRACE main             domain.ApplicationForm    - ApplicationForm with id 0 is absent
2015-08-20 22:57:40,235 TRACE main             domain.ApplicationForm    - create new enitiy ApplicationForm
2015-08-20 22:57:40,238 TRACE main             domain.ApplicationForm    - pStatement created
2015-08-20 22:57:40,240 TRACE main             domain.ApplicationForm    - create arguments for pStatement
2015-08-20 22:57:40,285 TRACE main             domain.ApplicationForm    - generated pStatement keys
2015-08-20 22:57:40,285 INFO  main             domain.ApplicationForm    - new enitiy ApplicationForm created, id 38
2015-08-20 22:57:40,285 TRACE main             domain.ApplicationForm    - get ApplicationForm entity with id 38
2015-08-20 22:57:40,285 TRACE main             domain.ApplicationForm    - statement created
2015-08-20 22:57:40,285 TRACE main             domain.ApplicationForm    - resulset got
2015-08-20 22:57:40,295 TRACE main             domain.ApplicationForm    - parsed ApplicationForm entity
2015-08-20 22:57:40,295 INFO  main             domain.ApplicationForm    - return new ApplicationForm
2015-08-20 22:57:40,295 INFO  main             domain.HRDepartment       - create application form, id 38
2015-08-20 22:59:05,940 TRACE main             domain.HRDepartment       - ApplicationForm to post post formed
2015-08-20 22:59:05,950 TRACE main             domain.ApplicationForm    - check if ApplicationForm whith id 0 exists
2015-08-20 22:59:06,251 TRACE main             domain.ApplicationForm    - connectin created
2015-08-20 22:59:06,276 TRACE main             domain.ApplicationForm    - statement created
2015-08-20 22:59:06,316 TRACE main             domain.ApplicationForm    - resultset got
2015-08-20 22:59:06,316 TRACE main             domain.ApplicationForm    - ApplicationForm with id 0 is absent
2015-08-20 22:59:06,318 TRACE main             domain.ApplicationForm    - create new enitiy ApplicationForm
2015-08-20 22:59:06,321 TRACE main             domain.ApplicationForm    - pStatement created
2015-08-20 22:59:06,323 TRACE main             domain.ApplicationForm    - create arguments for pStatement
2015-08-20 22:59:06,353 TRACE main             domain.ApplicationForm    - generated pStatement keys
2015-08-20 22:59:06,353 INFO  main             domain.ApplicationForm    - new enitiy ApplicationForm created, id 39
2015-08-20 22:59:06,363 TRACE main             domain.ApplicationForm    - get ApplicationForm entity with id 39
2015-08-20 22:59:06,363 TRACE main             domain.ApplicationForm    - statement created
2015-08-20 22:59:06,363 TRACE main             domain.ApplicationForm    - resulset got
2015-08-20 22:59:06,363 TRACE main             domain.ApplicationForm    - parsed ApplicationForm entity
2015-08-20 22:59:06,363 INFO  main             domain.ApplicationForm    - return new ApplicationForm
2015-08-20 22:59:06,363 INFO  main             domain.HRDepartment       - create ApplicationForm, id 39
